<?xml version="1.0" encoding="UTF-8"?>
<coverage generated="1524078092956" clover="3.2.0">
  <project timestamp="1524078092957" name="All files">
    <metrics statements="158" coveredstatements="97" conditionals="55" coveredconditionals="14" methods="43" coveredmethods="26" elements="256" coveredelements="137" complexity="0" loc="158" ncloc="158" packages="3" files="8" classes="8">
      <package name="common">
        <metrics statements="89" coveredstatements="42" conditionals="46" coveredconditionals="12" methods="22" coveredmethods="10"/>
        <file name="environment.ts" path="/home/felipe/Dev/meat-api/common/environment.ts">
          <metrics statements="1" coveredstatements="1" conditionals="4" coveredconditionals="4" methods="0" coveredmethods="0"/>
          <line num="1" count="1" type="stmt"/>
        </file>
        <file name="model-router.ts" path="/home/felipe/Dev/meat-api/common/model-router.ts">
          <metrics statements="49" coveredstatements="28" conditionals="19" coveredconditionals="6" methods="14" coveredmethods="6"/>
          <line num="1" count="1" type="stmt"/>
          <line num="2" count="1" type="stmt"/>
          <line num="3" count="1" type="stmt"/>
          <line num="5" count="1" type="stmt"/>
          <line num="8" count="1" type="stmt"/>
          <line num="10" count="1" type="stmt"/>
          <line num="11" count="1" type="stmt"/>
          <line num="12" count="1" type="stmt"/>
          <line num="16" count="0" type="stmt"/>
          <line num="20" count="1" type="stmt"/>
          <line num="21" count="1" type="stmt"/>
          <line num="22" count="1" type="stmt"/>
          <line num="26" count="1" type="stmt"/>
          <line num="32" count="1" type="cond" truecount="3" falsecount="2"/>
          <line num="33" count="0" type="cond" truecount="0" falsecount="2"/>
          <line num="34" count="0" type="stmt"/>
          <line num="36" count="0" type="stmt"/>
          <line num="37" count="0" type="cond" truecount="0" falsecount="2"/>
          <line num="38" count="0" type="stmt"/>
          <line num="40" count="1" type="stmt"/>
          <line num="44" count="1" type="stmt"/>
          <line num="45" count="0" type="cond" truecount="0" falsecount="2"/>
          <line num="46" count="0" type="stmt"/>
          <line num="48" count="0" type="stmt"/>
          <line num="52" count="1" type="stmt"/>
          <line num="53" count="1" type="cond" truecount="2" falsecount="0"/>
          <line num="54" count="1" type="cond" truecount="1" falsecount="1"/>
          <line num="55" count="1" type="stmt"/>
          <line num="57" count="1" type="stmt"/>
          <line num="59" count="1" type="stmt"/>
          <line num="78" count="1" type="stmt"/>
          <line num="79" count="0" type="stmt"/>
          <line num="84" count="1" type="stmt"/>
          <line num="85" count="1" type="stmt"/>
          <line num="86" count="1" type="stmt"/>
          <line num="91" count="1" type="stmt"/>
          <line num="92" count="0" type="stmt"/>
          <line num="93" count="0" type="stmt"/>
          <line num="95" count="0" type="cond" truecount="0" falsecount="2"/>
          <line num="96" count="0" type="stmt"/>
          <line num="98" count="0" type="stmt"/>
          <line num="105" count="1" type="stmt"/>
          <line num="106" count="0" type="stmt"/>
          <line num="107" count="0" type="stmt"/>
          <line num="112" count="1" type="stmt"/>
          <line num="113" count="0" type="stmt"/>
          <line num="115" count="0" type="cond" truecount="0" falsecount="2"/>
          <line num="116" count="0" type="stmt"/>
          <line num="118" count="0" type="stmt"/>
        </file>
        <file name="router.ts" path="/home/felipe/Dev/meat-api/common/router.ts">
          <metrics statements="18" coveredstatements="12" conditionals="6" coveredconditionals="2" methods="7" coveredmethods="4"/>
          <line num="2" count="1" type="stmt"/>
          <line num="4" count="1" type="stmt"/>
          <line num="8" count="0" type="stmt"/>
          <line num="12" count="0" type="stmt"/>
          <line num="16" count="1" type="stmt"/>
          <line num="17" count="1" type="cond" truecount="1" falsecount="1"/>
          <line num="18" count="1" type="stmt"/>
          <line num="19" count="1" type="stmt"/>
          <line num="21" count="0" type="stmt"/>
          <line num="23" count="1" type="stmt"/>
          <line num="28" count="1" type="stmt"/>
          <line num="29" count="1" type="cond" truecount="1" falsecount="1"/>
          <line num="30" count="1" type="stmt"/>
          <line num="31" count="0" type="stmt"/>
          <line num="32" count="0" type="stmt"/>
          <line num="34" count="1" type="stmt"/>
          <line num="36" count="0" type="stmt"/>
          <line num="38" count="1" type="stmt"/>
        </file>
        <file name="validators.ts" path="/home/felipe/Dev/meat-api/common/validators.ts">
          <metrics statements="21" coveredstatements="1" conditionals="17" coveredconditionals="0" methods="1" coveredmethods="0"/>
          <line num="2" count="1" type="stmt"/>
          <line num="5" count="0" type="cond" truecount="0" falsecount="5"/>
          <line num="6" count="0" type="stmt"/>
          <line num="8" count="0" type="stmt"/>
          <line num="10" count="0" type="stmt"/>
          <line num="11" count="0" type="stmt"/>
          <line num="12" count="0" type="stmt"/>
          <line num="14" count="0" type="stmt"/>
          <line num="16" count="0" type="cond" truecount="0" falsecount="4"/>
          <line num="17" count="0" type="stmt"/>
          <line num="19" count="0" type="cond" truecount="0" falsecount="2"/>
          <line num="20" count="0" type="stmt"/>
          <line num="23" count="0" type="stmt"/>
          <line num="24" count="0" type="stmt"/>
          <line num="25" count="0" type="stmt"/>
          <line num="27" count="0" type="stmt"/>
          <line num="29" count="0" type="cond" truecount="0" falsecount="4"/>
          <line num="30" count="0" type="stmt"/>
          <line num="32" count="0" type="cond" truecount="0" falsecount="2"/>
          <line num="33" count="0" type="stmt"/>
          <line num="35" count="0" type="stmt"/>
        </file>
      </package>
      <package name="server">
        <metrics statements="26" coveredstatements="21" conditionals="1" coveredconditionals="0" methods="11" coveredmethods="9"/>
        <file name="error.handler.ts" path="/home/felipe/Dev/meat-api/server/error.handler.ts">
          <metrics statements="5" coveredstatements="1" conditionals="0" coveredconditionals="0" methods="2" coveredmethods="0"/>
          <line num="3" count="1" type="stmt"/>
          <line num="5" count="0" type="stmt"/>
          <line num="6" count="0" type="stmt"/>
          <line num="8" count="0" type="stmt"/>
          <line num="30" count="0" type="stmt"/>
        </file>
        <file name="server.ts" path="/home/felipe/Dev/meat-api/server/server.ts">
          <metrics statements="21" coveredstatements="20" conditionals="1" coveredconditionals="0" methods="9" coveredmethods="9"/>
          <line num="1" count="1" type="stmt"/>
          <line num="2" count="1" type="stmt"/>
          <line num="3" count="1" type="stmt"/>
          <line num="5" count="1" type="stmt"/>
          <line num="7" count="1" type="stmt"/>
          <line num="12" count="1" type="stmt"/>
          <line num="13" count="1" type="stmt"/>
          <line num="18" count="1" type="stmt"/>
          <line num="19" count="1" type="stmt"/>
          <line num="21" count="1" type="stmt"/>
          <line num="28" count="1" type="stmt"/>
          <line num="31" count="1" type="stmt"/>
          <line num="35" count="1" type="stmt"/>
          <line num="36" count="1" type="stmt"/>
          <line num="39" count="1" type="stmt"/>
          <line num="40" count="1" type="stmt"/>
          <line num="44" count="1" type="stmt"/>
          <line num="47" count="0" type="stmt"/>
          <line num="55" count="1" type="stmt"/>
          <line num="56" count="1" type="stmt"/>
          <line num="60" count="1" type="stmt"/>
        </file>
      </package>
      <package name="users">
        <metrics statements="43" coveredstatements="34" conditionals="8" coveredconditionals="2" methods="10" coveredmethods="7"/>
        <file name="users.model.ts" path="/home/felipe/Dev/meat-api/users/users.model.ts">
          <metrics statements="24" coveredstatements="19" conditionals="4" coveredconditionals="1" methods="5" coveredmethods="3"/>
          <line num="1" count="1" type="stmt"/>
          <line num="2" count="1" type="stmt"/>
          <line num="3" count="1" type="stmt"/>
          <line num="4" count="1" type="stmt"/>
          <line num="18" count="1" type="stmt"/>
          <line num="43" count="1" type="stmt"/>
          <line num="44" count="0" type="stmt"/>
          <line num="47" count="1" type="stmt"/>
          <line num="48" count="1" type="stmt"/>
          <line num="50" count="1" type="stmt"/>
          <line num="51" count="1" type="stmt"/>
          <line num="56" count="1" type="stmt"/>
          <line num="57" count="1" type="stmt"/>
          <line num="58" count="1" type="cond" truecount="1" falsecount="1"/>
          <line num="59" count="0" type="stmt"/>
          <line num="61" count="1" type="stmt"/>
          <line num="65" count="1" type="stmt"/>
          <line num="66" count="0" type="cond" truecount="0" falsecount="2"/>
          <line num="67" count="0" type="stmt"/>
          <line num="69" count="0" type="stmt"/>
          <line num="73" count="1" type="stmt"/>
          <line num="74" count="1" type="stmt"/>
          <line num="75" count="1" type="stmt"/>
          <line num="77" count="1" type="stmt"/>
        </file>
        <file name="users.router.ts" path="/home/felipe/Dev/meat-api/users/users.router.ts">
          <metrics statements="19" coveredstatements="15" conditionals="4" coveredconditionals="1" methods="5" coveredmethods="4"/>
          <line num="2" count="1" type="stmt"/>
          <line num="3" count="1" type="stmt"/>
          <line num="10" count="1" type="stmt"/>
          <line num="11" count="1" type="stmt"/>
          <line num="12" count="1" type="stmt"/>
          <line num="15" count="1" type="stmt"/>
          <line num="16" count="1" type="cond" truecount="1" falsecount="1"/>
          <line num="17" count="0" type="stmt"/>
          <line num="19" count="0" type="cond" truecount="0" falsecount="2"/>
          <line num="20" count="0" type="stmt"/>
          <line num="22" count="0" type="stmt"/>
          <line num="28" count="1" type="stmt"/>
          <line num="33" count="1" type="stmt"/>
          <line num="35" count="1" type="stmt"/>
          <line num="36" count="1" type="stmt"/>
          <line num="37" count="1" type="stmt"/>
          <line num="38" count="1" type="stmt"/>
          <line num="39" count="1" type="stmt"/>
          <line num="43" count="1" type="stmt"/>
        </file>
      </package>
    </metrics>
  </project>
</coverage>
