{"/home/felipe/Dev/meat-api/common/environment.ts": {"path":"/home/felipe/Dev/meat-api/common/environment.ts","statementMap":{"0":{"start":{"line":1,"column":13},"end":{"line":7,"column":1}}},"fnMap":{},"branchMap":{"0":{"loc":{"start":{"line":2,"column":20},"end":{"line":2,"column":43}},"type":"binary-expr","locations":[{"start":{"line":2,"column":20},"end":{"line":2,"column":43}},{"start":{"line":2,"column":47},"end":{"line":2,"column":51}}]},"1":{"loc":{"start":{"line":4,"column":13},"end":{"line":4,"column":31}},"type":"binary-expr","locations":[{"start":{"line":4,"column":13},"end":{"line":4,"column":31}},{"start":{"line":4,"column":35},"end":{"line":4,"column":65}}]}},"s":{"0":1},"f":{},"b":{"0":[1,1],"1":[1,1]}}
,"/home/felipe/Dev/meat-api/common/model-router.ts": {"path":"/home/felipe/Dev/meat-api/common/model-router.ts","statementMap":{"0":{"start":{"line":1,"column":0},"end":{"line":1,"column":32}},"1":{"start":{"line":2,"column":0},"end":{"line":2,"column":35}},"2":{"start":{"line":3,"column":0},"end":{"line":3,"column":45}},"3":{"start":{"line":11,"column":8},"end":{"line":11,"column":15}},"4":{"start":{"line":10,"column":26},"end":{"line":10,"column":50}},"5":{"start":{"line":8,"column":4},"end":{"line":8,"column":24}},"6":{"start":{"line":44,"column":4},"end":{"line":50,"column":5}},"7":{"start":{"line":45,"column":8},"end":{"line":49,"column":9}},"8":{"start":{"line":46,"column":12},"end":{"line":46,"column":57}},"9":{"start":{"line":48,"column":12},"end":{"line":48,"column":18}},"10":{"start":{"line":52,"column":4},"end":{"line":76,"column":5}},"11":{"start":{"line":53,"column":19},"end":{"line":53,"column":49}},"12":{"start":{"line":54,"column":8},"end":{"line":54,"column":34}},"13":{"start":{"line":55,"column":21},"end":{"line":55,"column":47}},"14":{"start":{"line":57,"column":8},"end":{"line":69,"column":24}},"15":{"start":{"line":59,"column":16},"end":{"line":67,"column":23}},"16":{"start":{"line":78,"column":4},"end":{"line":82,"column":5}},"17":{"start":{"line":79,"column":8},"end":{"line":81,"column":24}},"18":{"start":{"line":84,"column":4},"end":{"line":89,"column":5}},"19":{"start":{"line":85,"column":23},"end":{"line":85,"column":47}},"20":{"start":{"line":86,"column":8},"end":{"line":88,"column":24}},"21":{"start":{"line":91,"column":4},"end":{"line":103,"column":5}},"22":{"start":{"line":92,"column":21},"end":{"line":92,"column":61}},"23":{"start":{"line":93,"column":8},"end":{"line":102,"column":24}},"24":{"start":{"line":95,"column":16},"end":{"line":99,"column":17}},"25":{"start":{"line":96,"column":20},"end":{"line":96,"column":61}},"26":{"start":{"line":98,"column":20},"end":{"line":98,"column":33}},"27":{"start":{"line":105,"column":4},"end":{"line":110,"column":5}},"28":{"start":{"line":106,"column":24},"end":{"line":106,"column":58}},"29":{"start":{"line":107,"column":8},"end":{"line":109,"column":24}},"30":{"start":{"line":112,"column":4},"end":{"line":122,"column":5}},"31":{"start":{"line":113,"column":8},"end":{"line":121,"column":24}},"32":{"start":{"line":115,"column":16},"end":{"line":119,"column":17}},"33":{"start":{"line":116,"column":20},"end":{"line":116,"column":33}},"34":{"start":{"line":118,"column":20},"end":{"line":118,"column":33}},"35":{"start":{"line":12,"column":8},"end":{"line":12,"column":51}},"36":{"start":{"line":16,"column":8},"end":{"line":16,"column":20}},"37":{"start":{"line":20,"column":23},"end":{"line":20,"column":71}},"38":{"start":{"line":21,"column":8},"end":{"line":21,"column":65}},"39":{"start":{"line":22,"column":8},"end":{"line":22,"column":23}},"40":{"start":{"line":26,"column":30},"end":{"line":31,"column":9}},"41":{"start":{"line":32,"column":8},"end":{"line":39,"column":9}},"42":{"start":{"line":33,"column":12},"end":{"line":35,"column":13}},"43":{"start":{"line":34,"column":16},"end":{"line":34,"column":87}},"44":{"start":{"line":36,"column":30},"end":{"line":36,"column":79}},"45":{"start":{"line":37,"column":12},"end":{"line":38,"column":83}},"46":{"start":{"line":38,"column":16},"end":{"line":38,"column":83}},"47":{"start":{"line":40,"column":8},"end":{"line":40,"column":23}},"48":{"start":{"line":5,"column":0},"end":{"line":123,"column":1}}},"fnMap":{"0":{"name":"(anonymous_0)","decl":{"start":{"line":10,"column":4},"end":{"line":10,"column":25}},"loc":{"start":{"line":10,"column":50},"end":{"line":13,"column":5}}},"1":{"name":"(anonymous_1)","decl":{"start":{"line":44,"column":17},"end":{"line":44,"column":18}},"loc":{"start":{"line":44,"column":36},"end":{"line":50,"column":5}}},"2":{"name":"(anonymous_2)","decl":{"start":{"line":52,"column":14},"end":{"line":52,"column":15}},"loc":{"start":{"line":52,"column":33},"end":{"line":76,"column":5}}},"3":{"name":"(anonymous_3)","decl":{"start":{"line":58,"column":18},"end":{"line":58,"column":22}},"loc":{"start":{"line":58,"column":26},"end":{"line":68,"column":13}}},"4":{"name":"(anonymous_4)","decl":{"start":{"line":78,"column":15},"end":{"line":78,"column":16}},"loc":{"start":{"line":78,"column":34},"end":{"line":82,"column":5}}},"5":{"name":"(anonymous_5)","decl":{"start":{"line":84,"column":11},"end":{"line":84,"column":12}},"loc":{"start":{"line":84,"column":30},"end":{"line":89,"column":5}}},"6":{"name":"(anonymous_6)","decl":{"start":{"line":91,"column":14},"end":{"line":91,"column":15}},"loc":{"start":{"line":91,"column":33},"end":{"line":103,"column":5}}},"7":{"name":"(anonymous_7)","decl":{"start":{"line":94,"column":25},"end":{"line":94,"column":30}},"loc":{"start":{"line":94,"column":34},"end":{"line":100,"column":13}}},"8":{"name":"(anonymous_8)","decl":{"start":{"line":105,"column":13},"end":{"line":105,"column":14}},"loc":{"start":{"line":105,"column":32},"end":{"line":110,"column":5}}},"9":{"name":"(anonymous_9)","decl":{"start":{"line":112,"column":13},"end":{"line":112,"column":14}},"loc":{"start":{"line":112,"column":32},"end":{"line":122,"column":5}}},"10":{"name":"(anonymous_10)","decl":{"start":{"line":114,"column":18},"end":{"line":114,"column":26}},"loc":{"start":{"line":114,"column":30},"end":{"line":120,"column":13}}},"11":{"name":"(anonymous_11)","decl":{"start":{"line":15,"column":14},"end":{"line":15,"column":23}},"loc":{"start":{"line":15,"column":60},"end":{"line":17,"column":5}}},"12":{"name":"(anonymous_12)","decl":{"start":{"line":19,"column":4},"end":{"line":19,"column":11}},"loc":{"start":{"line":19,"column":26},"end":{"line":23,"column":5}}},"13":{"name":"(anonymous_13)","decl":{"start":{"line":25,"column":4},"end":{"line":25,"column":14}},"loc":{"start":{"line":25,"column":48},"end":{"line":41,"column":5}}}},"branchMap":{"0":{"loc":{"start":{"line":45,"column":8},"end":{"line":49,"column":9}},"type":"if","locations":[{"start":{"line":45,"column":8},"end":{"line":49,"column":9}},{"start":{"line":45,"column":8},"end":{"line":49,"column":9}}]},"1":{"loc":{"start":{"line":53,"column":28},"end":{"line":53,"column":43}},"type":"binary-expr","locations":[{"start":{"line":53,"column":28},"end":{"line":53,"column":43}},{"start":{"line":53,"column":47},"end":{"line":53,"column":48}}]},"2":{"loc":{"start":{"line":54,"column":26},"end":{"line":54,"column":30}},"type":"cond-expr","locations":[{"start":{"line":54,"column":26},"end":{"line":54,"column":30}},{"start":{"line":54,"column":33},"end":{"line":54,"column":34}}]},"3":{"loc":{"start":{"line":95,"column":16},"end":{"line":99,"column":17}},"type":"if","locations":[{"start":{"line":95,"column":16},"end":{"line":99,"column":17}},{"start":{"line":95,"column":16},"end":{"line":99,"column":17}}]},"4":{"loc":{"start":{"line":115,"column":16},"end":{"line":119,"column":17}},"type":"if","locations":[{"start":{"line":115,"column":16},"end":{"line":119,"column":17}},{"start":{"line":115,"column":16},"end":{"line":119,"column":17}}]},"5":{"loc":{"start":{"line":32,"column":8},"end":{"line":39,"column":9}},"type":"if","locations":[{"start":{"line":32,"column":8},"end":{"line":39,"column":9}},{"start":{"line":32,"column":8},"end":{"line":39,"column":9}}]},"6":{"loc":{"start":{"line":32,"column":12},"end":{"line":32,"column":24}},"type":"binary-expr","locations":[{"start":{"line":32,"column":12},"end":{"line":32,"column":24}},{"start":{"line":32,"column":28},"end":{"line":32,"column":41}},{"start":{"line":32,"column":45},"end":{"line":32,"column":61}}]},"7":{"loc":{"start":{"line":33,"column":12},"end":{"line":35,"column":13}},"type":"if","locations":[{"start":{"line":33,"column":12},"end":{"line":35,"column":13}},{"start":{"line":33,"column":12},"end":{"line":35,"column":13}}]},"8":{"loc":{"start":{"line":37,"column":12},"end":{"line":38,"column":83}},"type":"if","locations":[{"start":{"line":37,"column":12},"end":{"line":38,"column":83}},{"start":{"line":37,"column":12},"end":{"line":38,"column":83}}]}},"s":{"0":1,"1":1,"2":1,"3":1,"4":1,"5":1,"6":1,"7":0,"8":0,"9":0,"10":1,"11":1,"12":1,"13":1,"14":1,"15":1,"16":1,"17":0,"18":1,"19":1,"20":1,"21":1,"22":0,"23":0,"24":0,"25":0,"26":0,"27":1,"28":0,"29":0,"30":1,"31":0,"32":0,"33":0,"34":0,"35":1,"36":0,"37":1,"38":1,"39":1,"40":1,"41":1,"42":0,"43":0,"44":0,"45":0,"46":0,"47":1,"48":1},"f":{"0":1,"1":0,"2":1,"3":1,"4":0,"5":1,"6":0,"7":0,"8":0,"9":0,"10":0,"11":0,"12":1,"13":1},"b":{"0":[0,0],"1":[1,1],"2":[1,0],"3":[0,0],"4":[0,0],"5":[0,1],"6":[1,1,0],"7":[0,0],"8":[0,0]}}
,"/home/felipe/Dev/meat-api/common/router.ts": {"path":"/home/felipe/Dev/meat-api/common/router.ts","statementMap":{"0":{"start":{"line":2,"column":0},"end":{"line":2,"column":36}},"1":{"start":{"line":8,"column":8},"end":{"line":8,"column":23}},"2":{"start":{"line":12,"column":8},"end":{"line":12,"column":23}},"3":{"start":{"line":16,"column":8},"end":{"line":24,"column":9}},"4":{"start":{"line":17,"column":12},"end":{"line":22,"column":13}},"5":{"start":{"line":18,"column":16},"end":{"line":18,"column":51}},"6":{"start":{"line":19,"column":16},"end":{"line":19,"column":54}},"7":{"start":{"line":21,"column":16},"end":{"line":21,"column":34}},"8":{"start":{"line":23,"column":12},"end":{"line":23,"column":25}},"9":{"start":{"line":28,"column":8},"end":{"line":39,"column":9}},"10":{"start":{"line":29,"column":12},"end":{"line":37,"column":13}},"11":{"start":{"line":30,"column":16},"end":{"line":33,"column":18}},"12":{"start":{"line":31,"column":20},"end":{"line":31,"column":55}},"13":{"start":{"line":32,"column":20},"end":{"line":32,"column":58}},"14":{"start":{"line":34,"column":16},"end":{"line":34,"column":67}},"15":{"start":{"line":36,"column":16},"end":{"line":36,"column":51}},"16":{"start":{"line":38,"column":12},"end":{"line":38,"column":25}},"17":{"start":{"line":4,"column":0},"end":{"line":41,"column":1}}},"fnMap":{"0":{"name":"(anonymous_0)","decl":{"start":{"line":7,"column":4},"end":{"line":7,"column":11}},"loc":{"start":{"line":7,"column":26},"end":{"line":9,"column":5}}},"1":{"name":"(anonymous_1)","decl":{"start":{"line":11,"column":4},"end":{"line":11,"column":14}},"loc":{"start":{"line":11,"column":50},"end":{"line":13,"column":5}}},"2":{"name":"(anonymous_2)","decl":{"start":{"line":15,"column":4},"end":{"line":15,"column":9}},"loc":{"start":{"line":15,"column":57},"end":{"line":25,"column":5}}},"3":{"name":"(anonymous_3)","decl":{"start":{"line":16,"column":15},"end":{"line":16,"column":16}},"loc":{"start":{"line":16,"column":28},"end":{"line":24,"column":9}}},"4":{"name":"(anonymous_4)","decl":{"start":{"line":27,"column":4},"end":{"line":27,"column":12}},"loc":{"start":{"line":27,"column":79},"end":{"line":40,"column":5}}},"5":{"name":"(anonymous_5)","decl":{"start":{"line":28,"column":15},"end":{"line":28,"column":16}},"loc":{"start":{"line":28,"column":36},"end":{"line":39,"column":9}}},"6":{"name":"(anonymous_6)","decl":{"start":{"line":30,"column":34},"end":{"line":30,"column":35}},"loc":{"start":{"line":30,"column":61},"end":{"line":33,"column":17}}}},"branchMap":{"0":{"loc":{"start":{"line":11,"column":48},"end":{"line":11,"column":50}},"type":"default-arg","locations":[{"start":{"line":11,"column":48},"end":{"line":11,"column":50}}]},"1":{"loc":{"start":{"line":17,"column":12},"end":{"line":22,"column":13}},"type":"if","locations":[{"start":{"line":17,"column":12},"end":{"line":22,"column":13}},{"start":{"line":17,"column":12},"end":{"line":22,"column":13}}]},"2":{"loc":{"start":{"line":27,"column":77},"end":{"line":27,"column":79}},"type":"default-arg","locations":[{"start":{"line":27,"column":77},"end":{"line":27,"column":79}}]},"3":{"loc":{"start":{"line":29,"column":12},"end":{"line":37,"column":13}},"type":"if","locations":[{"start":{"line":29,"column":12},"end":{"line":37,"column":13}},{"start":{"line":29,"column":12},"end":{"line":37,"column":13}}]}},"s":{"0":1,"1":0,"2":0,"3":1,"4":1,"5":1,"6":1,"7":0,"8":1,"9":1,"10":1,"11":1,"12":0,"13":0,"14":1,"15":0,"16":1,"17":1},"f":{"0":0,"1":0,"2":1,"3":1,"4":1,"5":1,"6":0},"b":{"0":[0],"1":[1,0],"2":[0],"3":[1,0]}}
,"/home/felipe/Dev/meat-api/common/validators.ts": {"path":"/home/felipe/Dev/meat-api/common/validators.ts","statementMap":{"0":{"start":{"line":2,"column":13},"end":{"line":36,"column":1}},"1":{"start":{"line":5,"column":4},"end":{"line":7,"column":5}},"2":{"start":{"line":6,"column":6},"end":{"line":6,"column":18}},"3":{"start":{"line":8,"column":4},"end":{"line":8,"column":63}},"4":{"start":{"line":10,"column":4},"end":{"line":10,"column":11}},"5":{"start":{"line":11,"column":4},"end":{"line":13,"column":5}},"6":{"start":{"line":12,"column":6},"end":{"line":12,"column":60}},"7":{"start":{"line":14,"column":4},"end":{"line":14,"column":26}},"8":{"start":{"line":16,"column":4},"end":{"line":18,"column":5}},"9":{"start":{"line":17,"column":6},"end":{"line":17,"column":14}},"10":{"start":{"line":19,"column":4},"end":{"line":21,"column":5}},"11":{"start":{"line":20,"column":6},"end":{"line":20,"column":18}},"12":{"start":{"line":23,"column":4},"end":{"line":23,"column":11}},"13":{"start":{"line":24,"column":4},"end":{"line":26,"column":5}},"14":{"start":{"line":25,"column":6},"end":{"line":25,"column":60}},"15":{"start":{"line":27,"column":4},"end":{"line":27,"column":26}},"16":{"start":{"line":29,"column":4},"end":{"line":31,"column":5}},"17":{"start":{"line":30,"column":6},"end":{"line":30,"column":14}},"18":{"start":{"line":32,"column":4},"end":{"line":34,"column":5}},"19":{"start":{"line":33,"column":6},"end":{"line":33,"column":18}},"20":{"start":{"line":35,"column":4},"end":{"line":35,"column":15}}},"fnMap":{"0":{"name":"(anonymous_0)","decl":{"start":{"line":2,"column":27},"end":{"line":2,"column":28}},"loc":{"start":{"line":2,"column":52},"end":{"line":36,"column":1}}}},"branchMap":{"0":{"loc":{"start":{"line":5,"column":4},"end":{"line":7,"column":5}},"type":"if","locations":[{"start":{"line":5,"column":4},"end":{"line":7,"column":5}},{"start":{"line":5,"column":4},"end":{"line":7,"column":5}}]},"1":{"loc":{"start":{"line":5,"column":7},"end":{"line":5,"column":23}},"type":"binary-expr","locations":[{"start":{"line":5,"column":7},"end":{"line":5,"column":23}},{"start":{"line":5,"column":27},"end":{"line":5,"column":50}},{"start":{"line":5,"column":54},"end":{"line":5,"column":75}}]},"2":{"loc":{"start":{"line":16,"column":4},"end":{"line":18,"column":5}},"type":"if","locations":[{"start":{"line":16,"column":4},"end":{"line":18,"column":5}},{"start":{"line":16,"column":4},"end":{"line":18,"column":5}}]},"3":{"loc":{"start":{"line":16,"column":9},"end":{"line":16,"column":20}},"type":"binary-expr","locations":[{"start":{"line":16,"column":9},"end":{"line":16,"column":20}},{"start":{"line":16,"column":26},"end":{"line":16,"column":37}}]},"4":{"loc":{"start":{"line":19,"column":4},"end":{"line":21,"column":5}},"type":"if","locations":[{"start":{"line":19,"column":4},"end":{"line":21,"column":5}},{"start":{"line":19,"column":4},"end":{"line":21,"column":5}}]},"5":{"loc":{"start":{"line":29,"column":4},"end":{"line":31,"column":5}},"type":"if","locations":[{"start":{"line":29,"column":4},"end":{"line":31,"column":5}},{"start":{"line":29,"column":4},"end":{"line":31,"column":5}}]},"6":{"loc":{"start":{"line":29,"column":9},"end":{"line":29,"column":20}},"type":"binary-expr","locations":[{"start":{"line":29,"column":9},"end":{"line":29,"column":20}},{"start":{"line":29,"column":26},"end":{"line":29,"column":37}}]},"7":{"loc":{"start":{"line":32,"column":4},"end":{"line":34,"column":5}},"type":"if","locations":[{"start":{"line":32,"column":4},"end":{"line":34,"column":5}},{"start":{"line":32,"column":4},"end":{"line":34,"column":5}}]}},"s":{"0":1,"1":0,"2":0,"3":0,"4":0,"5":0,"6":0,"7":0,"8":0,"9":0,"10":0,"11":0,"12":0,"13":0,"14":0,"15":0,"16":0,"17":0,"18":0,"19":0,"20":0},"f":{"0":0},"b":{"0":[0,0],"1":[0,0,0],"2":[0,0],"3":[0,0],"4":[0,0],"5":[0,0],"6":[0,0],"7":[0,0]}}
,"/home/felipe/Dev/meat-api/server/error.handler.ts": {"path":"/home/felipe/Dev/meat-api/server/error.handler.ts","statementMap":{"0":{"start":{"line":3,"column":13},"end":{"line":31,"column":1}},"1":{"start":{"line":5,"column":4},"end":{"line":11,"column":5}},"2":{"start":{"line":6,"column":8},"end":{"line":6,"column":30}},"3":{"start":{"line":8,"column":8},"end":{"line":10,"column":9}},"4":{"start":{"line":30,"column":4},"end":{"line":30,"column":10}}},"fnMap":{"0":{"name":"(anonymous_0)","decl":{"start":{"line":3,"column":27},"end":{"line":3,"column":28}},"loc":{"start":{"line":3,"column":86},"end":{"line":31,"column":1}}},"1":{"name":"(anonymous_1)","decl":{"start":{"line":5,"column":17},"end":{"line":5,"column":19}},"loc":{"start":{"line":5,"column":22},"end":{"line":11,"column":5}}}},"branchMap":{},"s":{"0":1,"1":0,"2":0,"3":0,"4":0},"f":{"0":0,"1":0},"b":{}}
,"/home/felipe/Dev/meat-api/server/server.ts": {"path":"/home/felipe/Dev/meat-api/server/server.ts","statementMap":{"0":{"start":{"line":1,"column":0},"end":{"line":1,"column":33}},"1":{"start":{"line":2,"column":0},"end":{"line":2,"column":35}},"2":{"start":{"line":3,"column":0},"end":{"line":3,"column":50}},"3":{"start":{"line":5,"column":0},"end":{"line":5,"column":44}},"4":{"start":{"line":12,"column":14},"end":{"line":12,"column":48}},"5":{"start":{"line":13,"column":8},"end":{"line":14,"column":10}},"6":{"start":{"line":18,"column":8},"end":{"line":49,"column":10}},"7":{"start":{"line":19,"column":12},"end":{"line":48,"column":13}},"8":{"start":{"line":21,"column":16},"end":{"line":24,"column":18}},"9":{"start":{"line":28,"column":16},"end":{"line":30,"column":19}},"10":{"start":{"line":31,"column":16},"end":{"line":31,"column":67}},"11":{"start":{"line":35,"column":16},"end":{"line":37,"column":17}},"12":{"start":{"line":36,"column":20},"end":{"line":36,"column":56}},"13":{"start":{"line":39,"column":16},"end":{"line":42,"column":18}},"14":{"start":{"line":40,"column":20},"end":{"line":40,"column":45}},"15":{"start":{"line":44,"column":16},"end":{"line":44,"column":64}},"16":{"start":{"line":47,"column":16},"end":{"line":47,"column":29}},"17":{"start":{"line":55,"column":8},"end":{"line":56,"column":54}},"18":{"start":{"line":56,"column":12},"end":{"line":56,"column":53}},"19":{"start":{"line":56,"column":48},"end":{"line":56,"column":52}},"20":{"start":{"line":60,"column":8},"end":{"line":60,"column":73}},"21":{"start":{"line":60,"column":48},"end":{"line":60,"column":72}},"22":{"start":{"line":7,"column":0},"end":{"line":62,"column":1}}},"fnMap":{"0":{"name":"(anonymous_0)","decl":{"start":{"line":11,"column":4},"end":{"line":11,"column":9}},"loc":{"start":{"line":11,"column":10},"end":{"line":15,"column":5}}},"1":{"name":"(anonymous_1)","decl":{"start":{"line":17,"column":4},"end":{"line":17,"column":13}},"loc":{"start":{"line":17,"column":32},"end":{"line":50,"column":5}}},"2":{"name":"(anonymous_2)","decl":{"start":{"line":18,"column":27},"end":{"line":18,"column":28}},"loc":{"start":{"line":18,"column":47},"end":{"line":49,"column":9}}},"3":{"name":"(anonymous_3)","decl":{"start":{"line":39,"column":65},"end":{"line":39,"column":67}},"loc":{"start":{"line":39,"column":70},"end":{"line":42,"column":17}}},"4":{"name":"(anonymous_4)","decl":{"start":{"line":54,"column":4},"end":{"line":54,"column":12}},"loc":{"start":{"line":54,"column":36},"end":{"line":57,"column":5}}},"5":{"name":"(anonymous_5)","decl":{"start":{"line":55,"column":34},"end":{"line":55,"column":36}},"loc":{"start":{"line":56,"column":12},"end":{"line":56,"column":53}}},"6":{"name":"(anonymous_6)","decl":{"start":{"line":56,"column":42},"end":{"line":56,"column":44}},"loc":{"start":{"line":56,"column":48},"end":{"line":56,"column":52}}},"7":{"name":"(anonymous_7)","decl":{"start":{"line":59,"column":4},"end":{"line":59,"column":11}},"loc":{"start":{"line":59,"column":12},"end":{"line":61,"column":5}}},"8":{"name":"(anonymous_8)","decl":{"start":{"line":60,"column":42},"end":{"line":60,"column":44}},"loc":{"start":{"line":60,"column":48},"end":{"line":60,"column":72}}}},"branchMap":{"0":{"loc":{"start":{"line":54,"column":34},"end":{"line":54,"column":36}},"type":"default-arg","locations":[{"start":{"line":54,"column":34},"end":{"line":54,"column":36}}]}},"s":{"0":1,"1":1,"2":1,"3":1,"4":1,"5":1,"6":1,"7":1,"8":1,"9":1,"10":1,"11":1,"12":1,"13":1,"14":1,"15":1,"16":0,"17":1,"18":1,"19":1,"20":1,"21":1,"22":1},"f":{"0":1,"1":1,"2":1,"3":1,"4":1,"5":1,"6":1,"7":1,"8":1},"b":{"0":[0]}}
,"/home/felipe/Dev/meat-api/users/users.model.ts": {"path":"/home/felipe/Dev/meat-api/users/users.model.ts","statementMap":{"0":{"start":{"line":1,"column":0},"end":{"line":1,"column":35}},"1":{"start":{"line":2,"column":0},"end":{"line":2,"column":49}},"2":{"start":{"line":3,"column":0},"end":{"line":3,"column":31}},"3":{"start":{"line":4,"column":0},"end":{"line":4,"column":50}},"4":{"start":{"line":18,"column":19},"end":{"line":41,"column":2}},"5":{"start":{"line":43,"column":0},"end":{"line":45,"column":1}},"6":{"start":{"line":44,"column":4},"end":{"line":44,"column":32}},"7":{"start":{"line":47,"column":21},"end":{"line":54,"column":1}},"8":{"start":{"line":48,"column":4},"end":{"line":53,"column":20}},"9":{"start":{"line":50,"column":12},"end":{"line":50,"column":31}},"10":{"start":{"line":51,"column":12},"end":{"line":51,"column":18}},"11":{"start":{"line":56,"column":23},"end":{"line":63,"column":1}},"12":{"start":{"line":57,"column":22},"end":{"line":57,"column":26}},"13":{"start":{"line":58,"column":4},"end":{"line":62,"column":5}},"14":{"start":{"line":59,"column":8},"end":{"line":59,"column":14}},"15":{"start":{"line":61,"column":8},"end":{"line":61,"column":32}},"16":{"start":{"line":65,"column":25},"end":{"line":71,"column":1}},"17":{"start":{"line":66,"column":4},"end":{"line":70,"column":5}},"18":{"start":{"line":67,"column":8},"end":{"line":67,"column":14}},"19":{"start":{"line":69,"column":8},"end":{"line":69,"column":44}},"20":{"start":{"line":73,"column":0},"end":{"line":73,"column":38}},"21":{"start":{"line":74,"column":0},"end":{"line":74,"column":52}},"22":{"start":{"line":75,"column":0},"end":{"line":75,"column":42}},"23":{"start":{"line":77,"column":13},"end":{"line":77,"column":71}}},"fnMap":{"0":{"name":"(anonymous_0)","decl":{"start":{"line":43,"column":33},"end":{"line":43,"column":42}},"loc":{"start":{"line":43,"column":56},"end":{"line":45,"column":1}}},"1":{"name":"(anonymous_1)","decl":{"start":{"line":47,"column":21},"end":{"line":47,"column":22}},"loc":{"start":{"line":47,"column":35},"end":{"line":54,"column":1}}},"2":{"name":"(anonymous_2)","decl":{"start":{"line":49,"column":14},"end":{"line":49,"column":17}},"loc":{"start":{"line":49,"column":21},"end":{"line":52,"column":9}}},"3":{"name":"(anonymous_3)","decl":{"start":{"line":56,"column":23},"end":{"line":56,"column":32}},"loc":{"start":{"line":56,"column":37},"end":{"line":63,"column":1}}},"4":{"name":"(anonymous_4)","decl":{"start":{"line":65,"column":25},"end":{"line":65,"column":34}},"loc":{"start":{"line":65,"column":39},"end":{"line":71,"column":1}}}},"branchMap":{"0":{"loc":{"start":{"line":58,"column":4},"end":{"line":62,"column":5}},"type":"if","locations":[{"start":{"line":58,"column":4},"end":{"line":62,"column":5}},{"start":{"line":58,"column":4},"end":{"line":62,"column":5}}]},"1":{"loc":{"start":{"line":66,"column":4},"end":{"line":70,"column":5}},"type":"if","locations":[{"start":{"line":66,"column":4},"end":{"line":70,"column":5}},{"start":{"line":66,"column":4},"end":{"line":70,"column":5}}]}},"s":{"0":1,"1":1,"2":1,"3":1,"4":1,"5":1,"6":0,"7":1,"8":1,"9":1,"10":1,"11":1,"12":1,"13":1,"14":0,"15":1,"16":1,"17":0,"18":0,"19":0,"20":1,"21":1,"22":1,"23":1},"f":{"0":0,"1":1,"2":1,"3":1,"4":0},"b":{"0":[0,1],"1":[0,0]}}
,"/home/felipe/Dev/meat-api/users/users.router.ts": {"path":"/home/felipe/Dev/meat-api/users/users.router.ts","statementMap":{"0":{"start":{"line":2,"column":0},"end":{"line":2,"column":51}},"1":{"start":{"line":3,"column":0},"end":{"line":3,"column":35}},"2":{"start":{"line":10,"column":8},"end":{"line":10,"column":19}},"3":{"start":{"line":15,"column":4},"end":{"line":30,"column":5}},"4":{"start":{"line":16,"column":8},"end":{"line":29,"column":9}},"5":{"start":{"line":17,"column":12},"end":{"line":26,"column":28}},"6":{"start":{"line":19,"column":20},"end":{"line":23,"column":21}},"7":{"start":{"line":20,"column":24},"end":{"line":20,"column":37}},"8":{"start":{"line":22,"column":24},"end":{"line":22,"column":33}},"9":{"start":{"line":28,"column":12},"end":{"line":28,"column":18}},"10":{"start":{"line":11,"column":8},"end":{"line":13,"column":10}},"11":{"start":{"line":12,"column":12},"end":{"line":12,"column":41}},"12":{"start":{"line":33,"column":8},"end":{"line":33,"column":105}},"13":{"start":{"line":35,"column":8},"end":{"line":35,"column":81}},"14":{"start":{"line":36,"column":8},"end":{"line":36,"column":55}},"15":{"start":{"line":37,"column":8},"end":{"line":37,"column":80}},"16":{"start":{"line":38,"column":8},"end":{"line":38,"column":81}},"17":{"start":{"line":39,"column":8},"end":{"line":39,"column":79}},"18":{"start":{"line":43,"column":13},"end":{"line":43,"column":44}}},"fnMap":{"0":{"name":"(anonymous_0)","decl":{"start":{"line":9,"column":4},"end":{"line":null,"column":-1}},"loc":{"start":{"line":9,"column":4},"end":{"line":14,"column":5}}},"1":{"name":"(anonymous_1)","decl":{"start":{"line":15,"column":18},"end":{"line":15,"column":19}},"loc":{"start":{"line":15,"column":37},"end":{"line":30,"column":5}}},"2":{"name":"(anonymous_2)","decl":{"start":{"line":18,"column":22},"end":{"line":18,"column":25}},"loc":{"start":{"line":18,"column":29},"end":{"line":24,"column":17}}},"3":{"name":"(anonymous_3)","decl":{"start":{"line":11,"column":32},"end":{"line":11,"column":39}},"loc":{"start":{"line":11,"column":43},"end":{"line":13,"column":9}}},"4":{"name":"(anonymous_4)","decl":{"start":{"line":32,"column":4},"end":{"line":32,"column":14}},"loc":{"start":{"line":32,"column":43},"end":{"line":40,"column":5}}}},"branchMap":{"0":{"loc":{"start":{"line":16,"column":8},"end":{"line":29,"column":9}},"type":"if","locations":[{"start":{"line":16,"column":8},"end":{"line":29,"column":9}},{"start":{"line":16,"column":8},"end":{"line":29,"column":9}}]},"1":{"loc":{"start":{"line":19,"column":20},"end":{"line":23,"column":21}},"type":"if","locations":[{"start":{"line":19,"column":20},"end":{"line":23,"column":21}},{"start":{"line":19,"column":20},"end":{"line":23,"column":21}}]}},"s":{"0":1,"1":1,"2":1,"3":1,"4":1,"5":0,"6":0,"7":0,"8":0,"9":1,"10":1,"11":1,"12":1,"13":1,"14":1,"15":1,"16":1,"17":1,"18":1},"f":{"0":1,"1":1,"2":0,"3":1,"4":1},"b":{"0":[0,1],"1":[0,0]}}
}
